  MyRobot.cpp
D:\Graduate_Project\webots_sim\controllers\dynamic_lqr\MyRobot.cpp(1,1): warning C4819: 该文件包含不能在当前代码页(936)中表示的字符。请将该文件保存为 Unicode 格式以防止数据丢失
D:\Graduate_Project\webots_sim\controllers\dynamic_lqr\Robot.h(1,1): warning C4819: 该文件包含不能在当前代码页(936)中表示的字符。请将该文件保存为 Unicode 格式以防止数据丢失
D:\Eigen-C++\eigen-3.4.0\Eigen\src\Core\arch\Default\Half.h(1,1): warning C4819: 该文件包含不能在当前代码页(936)中表示的字符。请将该文件保存为 Unicode 格式以防止数据丢失
D:\Eigen-C++\eigen-3.4.0\Eigen\src\Core\arch\Default\BFloat16.h(1,1): warning C4819: 该文件包含不能在当前代码页(936)中表示的字符。请将该文件保存为 Unicode 格式以防止数据丢失
D:\Eigen-C++\eigen-3.4.0\Eigen\src\Core\arch\Default\GenericPacketMathFunctions.h(676,1): warning C4819: 该文件包含不能在当前代码页(936)中表示的字符。请将该文件保存为 Unicode 格式以防止数据丢失
D:\Graduate_Project\webots_sim\controllers\dynamic_lqr\MyDefine.h(1,1): warning C4819: 该文件包含不能在当前代码页(936)中表示的字符。请将该文件保存为 Unicode 格式以防止数据丢失
D:\Graduate_Project\webots_sim\controllers\dynamic_lqr\Pid.h(1,1): warning C4819: 该文件包含不能在当前代码页(936)中表示的字符。请将该文件保存为 Unicode 格式以防止数据丢失
D:\Graduate_Project\webots_sim\controllers\dynamic_lqr\MyDefine.h(1,1): warning C4819: 该文件包含不能在当前代码页(936)中表示的字符。请将该文件保存为 Unicode 格式以防止数据丢失
D:\Graduate_Project\webots_sim\controllers\dynamic_lqr\Leg.h(1,1): warning C4819: 该文件包含不能在当前代码页(936)中表示的字符。请将该文件保存为 Unicode 格式以防止数据丢失
D:\Graduate_Project\webots_sim\controllers\dynamic_lqr\MyDefine.h(1,1): warning C4819: 该文件包含不能在当前代码页(936)中表示的字符。请将该文件保存为 Unicode 格式以防止数据丢失
D:\Graduate_Project\webots_sim\controllers\dynamic_lqr\MyRobot.cpp(6,1): warning C4305: “初始化”: 从“double”到“float”截断
D:\Graduate_Project\webots_sim\controllers\dynamic_lqr\MyRobot.cpp(7,33): warning C4244: “=”: 从“double”转换到“u8”，可能丢失数据
D:\Graduate_Project\webots_sim\controllers\dynamic_lqr\MyRobot.cpp(30,38): warning C4305: “参数”: 从“double”到“float”截断
D:\Graduate_Project\webots_sim\controllers\dynamic_lqr\MyRobot.cpp(34,33): warning C4305: “参数”: 从“double”到“const float”截断
D:\Graduate_Project\webots_sim\controllers\dynamic_lqr\MyRobot.cpp(34,51): warning C4305: “参数”: 从“double”到“const float”截断
D:\Graduate_Project\webots_sim\controllers\dynamic_lqr\MyRobot.cpp(34,70): warning C4305: “参数”: 从“double”到“const float”截断
D:\Graduate_Project\webots_sim\controllers\dynamic_lqr\MyRobot.cpp(34,89): warning C4305: “参数”: 从“double”到“const float”截断
D:\Graduate_Project\webots_sim\controllers\dynamic_lqr\MyRobot.cpp(35,26): warning C4305: “参数”: 从“double”到“const float”截断
D:\Graduate_Project\webots_sim\controllers\dynamic_lqr\MyRobot.cpp(35,44): warning C4305: “参数”: 从“double”到“const float”截断
D:\Graduate_Project\webots_sim\controllers\dynamic_lqr\MyRobot.cpp(35,63): warning C4305: “参数”: 从“double”到“const float”截断
D:\Graduate_Project\webots_sim\controllers\dynamic_lqr\MyRobot.cpp(35,81): warning C4305: “参数”: 从“double”到“const float”截断
D:\Graduate_Project\webots_sim\controllers\dynamic_lqr\MyRobot.cpp(36,25): warning C4305: “参数”: 从“double”到“const float”截断
D:\Graduate_Project\webots_sim\controllers\dynamic_lqr\MyRobot.cpp(36,44): warning C4305: “参数”: 从“double”到“const float”截断
D:\Graduate_Project\webots_sim\controllers\dynamic_lqr\MyRobot.cpp(36,63): warning C4305: “参数”: 从“double”到“const float”截断
D:\Graduate_Project\webots_sim\controllers\dynamic_lqr\MyRobot.cpp(36,82): warning C4305: “参数”: 从“double”到“const float”截断
D:\Graduate_Project\webots_sim\controllers\dynamic_lqr\MyRobot.cpp(37,26): warning C4305: “参数”: 从“double”到“const float”截断
D:\Graduate_Project\webots_sim\controllers\dynamic_lqr\MyRobot.cpp(37,44): warning C4305: “参数”: 从“double”到“const float”截断
D:\Graduate_Project\webots_sim\controllers\dynamic_lqr\MyRobot.cpp(37,63): warning C4305: “参数”: 从“double”到“const float”截断
D:\Graduate_Project\webots_sim\controllers\dynamic_lqr\MyRobot.cpp(37,81): warning C4305: “参数”: 从“double”到“const float”截断
D:\Graduate_Project\webots_sim\controllers\dynamic_lqr\MyRobot.cpp(38,26): warning C4305: “参数”: 从“double”到“const float”截断
D:\Graduate_Project\webots_sim\controllers\dynamic_lqr\MyRobot.cpp(38,44): warning C4305: “参数”: 从“double”到“const float”截断
D:\Graduate_Project\webots_sim\controllers\dynamic_lqr\MyRobot.cpp(38,63): warning C4305: “参数”: 从“double”到“const float”截断
D:\Graduate_Project\webots_sim\controllers\dynamic_lqr\MyRobot.cpp(38,82): warning C4305: “参数”: 从“double”到“const float”截断
D:\Graduate_Project\webots_sim\controllers\dynamic_lqr\MyRobot.cpp(39,26): warning C4305: “参数”: 从“double”到“const float”截断
D:\Graduate_Project\webots_sim\controllers\dynamic_lqr\MyRobot.cpp(39,44): warning C4305: “参数”: 从“double”到“const float”截断
D:\Graduate_Project\webots_sim\controllers\dynamic_lqr\MyRobot.cpp(39,63): warning C4305: “参数”: 从“double”到“const float”截断
D:\Graduate_Project\webots_sim\controllers\dynamic_lqr\MyRobot.cpp(39,81): warning C4305: “参数”: 从“double”到“const float”截断
D:\Graduate_Project\webots_sim\controllers\dynamic_lqr\MyRobot.cpp(40,25): warning C4305: “参数”: 从“double”到“const float”截断
D:\Graduate_Project\webots_sim\controllers\dynamic_lqr\MyRobot.cpp(40,44): warning C4305: “参数”: 从“double”到“const float”截断
D:\Graduate_Project\webots_sim\controllers\dynamic_lqr\MyRobot.cpp(40,62): warning C4305: “参数”: 从“double”到“const float”截断
D:\Graduate_Project\webots_sim\controllers\dynamic_lqr\MyRobot.cpp(40,81): warning C4305: “参数”: 从“double”到“const float”截断
D:\Graduate_Project\webots_sim\controllers\dynamic_lqr\MyRobot.cpp(41,26): warning C4305: “参数”: 从“double”到“const float”截断
D:\Graduate_Project\webots_sim\controllers\dynamic_lqr\MyRobot.cpp(41,44): warning C4305: “参数”: 从“double”到“const float”截断
D:\Graduate_Project\webots_sim\controllers\dynamic_lqr\MyRobot.cpp(41,63): warning C4305: “参数”: 从“double”到“const float”截断
D:\Graduate_Project\webots_sim\controllers\dynamic_lqr\MyRobot.cpp(41,81): warning C4305: “参数”: 从“double”到“const float”截断
D:\Graduate_Project\webots_sim\controllers\dynamic_lqr\MyRobot.cpp(42,26): warning C4305: “参数”: 从“double”到“const float”截断
D:\Graduate_Project\webots_sim\controllers\dynamic_lqr\MyRobot.cpp(42,44): warning C4305: “参数”: 从“double”到“const float”截断
D:\Graduate_Project\webots_sim\controllers\dynamic_lqr\MyRobot.cpp(42,63): warning C4305: “参数”: 从“double”到“const float”截断
D:\Graduate_Project\webots_sim\controllers\dynamic_lqr\MyRobot.cpp(42,81): warning C4305: “参数”: 从“double”到“const float”截断
D:\Graduate_Project\webots_sim\controllers\dynamic_lqr\MyRobot.cpp(43,25): warning C4305: “参数”: 从“double”到“const float”截断
D:\Graduate_Project\webots_sim\controllers\dynamic_lqr\MyRobot.cpp(43,44): warning C4305: “参数”: 从“double”到“const float”截断
D:\Graduate_Project\webots_sim\controllers\dynamic_lqr\MyRobot.cpp(43,62): warning C4305: “参数”: 从“double”到“const float”截断
D:\Graduate_Project\webots_sim\controllers\dynamic_lqr\MyRobot.cpp(43,80): warning C4305: “参数”: 从“double”到“const float”截断
D:\Graduate_Project\webots_sim\controllers\dynamic_lqr\MyRobot.cpp(44,26): warning C4305: “参数”: 从“double”到“const float”截断
D:\Graduate_Project\webots_sim\controllers\dynamic_lqr\MyRobot.cpp(44,44): warning C4305: “参数”: 从“double”到“const float”截断
D:\Graduate_Project\webots_sim\controllers\dynamic_lqr\MyRobot.cpp(44,63): warning C4305: “参数”: 从“double”到“const float”截断
D:\Graduate_Project\webots_sim\controllers\dynamic_lqr\MyRobot.cpp(44,81): warning C4305: “参数”: 从“double”到“const float”截断
D:\Graduate_Project\webots_sim\controllers\dynamic_lqr\MyRobot.cpp(45,25): warning C4305: “参数”: 从“double”到“const float”截断
D:\Graduate_Project\webots_sim\controllers\dynamic_lqr\MyRobot.cpp(45,44): warning C4305: “参数”: 从“double”到“const float”截断
D:\Graduate_Project\webots_sim\controllers\dynamic_lqr\MyRobot.cpp(45,62): warning C4305: “参数”: 从“double”到“const float”截断
D:\Graduate_Project\webots_sim\controllers\dynamic_lqr\MyRobot.cpp(45,80): warning C4305: “参数”: 从“double”到“const float”截断
D:\Graduate_Project\webots_sim\controllers\dynamic_lqr\MyRobot.cpp(65,22): warning C4244: “初始化”: 从“double”转换到“float”，可能丢失数据
D:\Graduate_Project\webots_sim\controllers\dynamic_lqr\MyRobot.cpp(66,13): warning C4244: “初始化”: 从“double”转换到“float”，可能丢失数据
D:\Graduate_Project\webots_sim\controllers\dynamic_lqr\MyRobot.cpp(87,33): warning C4305: “=”: 从“double”到“float”截断
D:\Graduate_Project\webots_sim\controllers\dynamic_lqr\MyRobot.cpp(88,33): warning C4305: “=”: 从“double”到“float”截断
D:\Graduate_Project\webots_sim\controllers\dynamic_lqr\MyRobot.cpp(90,49): warning C4244: “=”: 从“double”转换到“float”，可能丢失数据
D:\Graduate_Project\webots_sim\controllers\dynamic_lqr\MyRobot.cpp(91,49): warning C4244: “=”: 从“double”转换到“float”，可能丢失数据
D:\Graduate_Project\webots_sim\controllers\dynamic_lqr\MyRobot.cpp(92,58): warning C4244: “=”: 从“double”转换到“float”，可能丢失数据
D:\Graduate_Project\webots_sim\controllers\dynamic_lqr\MyRobot.cpp(96,58): warning C4244: “=”: 从“double”转换到“float”，可能丢失数据
D:\Graduate_Project\webots_sim\controllers\dynamic_lqr\MyRobot.cpp(102,51): warning C4244: “=”: 从“double”转换到“float”，可能丢失数据
D:\Graduate_Project\webots_sim\controllers\dynamic_lqr\MyRobot.cpp(103,51): warning C4244: “=”: 从“double”转换到“float”，可能丢失数据
D:\Graduate_Project\webots_sim\controllers\dynamic_lqr\MyRobot.cpp(104,51): warning C4244: “=”: 从“double”转换到“float”，可能丢失数据
D:\Graduate_Project\webots_sim\controllers\dynamic_lqr\MyRobot.cpp(105,51): warning C4244: “=”: 从“double”转换到“float”，可能丢失数据
D:\Graduate_Project\webots_sim\controllers\dynamic_lqr\MyRobot.cpp(106,56): warning C4244: “=”: 从“double”转换到“float”，可能丢失数据
D:\Graduate_Project\webots_sim\controllers\dynamic_lqr\MyRobot.cpp(107,56): warning C4244: “=”: 从“double”转换到“float”，可能丢失数据
D:\Graduate_Project\webots_sim\controllers\dynamic_lqr\MyRobot.cpp(109,36): warning C4244: “=”: 从“double”转换到“float”，可能丢失数据
D:\Graduate_Project\webots_sim\controllers\dynamic_lqr\MyRobot.cpp(110,36): warning C4244: “=”: 从“double”转换到“float”，可能丢失数据
D:\Graduate_Project\webots_sim\controllers\dynamic_lqr\MyRobot.cpp(113,36): warning C4244: “=”: 从“double”转换到“float”，可能丢失数据
D:\Graduate_Project\webots_sim\controllers\dynamic_lqr\MyRobot.cpp(114,36): warning C4244: “=”: 从“double”转换到“float”，可能丢失数据
D:\Graduate_Project\webots_sim\controllers\dynamic_lqr\MyRobot.cpp(133,36): warning C4267: “初始化”: 从“size_t”转换到“int”，可能丢失数据
D:\Graduate_Project\webots_sim\controllers\dynamic_lqr\MyRobot.cpp(136,70): warning C4244: “=”: 从“double”转换到“float”，可能丢失数据
D:\Graduate_Project\webots_sim\controllers\dynamic_lqr\MyRobot.cpp(147,45): warning C4244: “=”: 从“double”转换到“float”，可能丢失数据
D:\Graduate_Project\webots_sim\controllers\dynamic_lqr\MyRobot.cpp(148,45): warning C4244: “=”: 从“double”转换到“float”，可能丢失数据
D:\Graduate_Project\webots_sim\controllers\dynamic_lqr\MyRobot.cpp(150,37): warning C4244: “=”: 从“double”转换到“float”，可能丢失数据
D:\Graduate_Project\webots_sim\controllers\dynamic_lqr\MyRobot.cpp(151,37): warning C4244: “=”: 从“double”转换到“float”，可能丢失数据
D:\Graduate_Project\webots_sim\controllers\dynamic_lqr\MyRobot.cpp(183,49): warning C4305: “参数”: 从“double”到“float”截断
D:\Graduate_Project\webots_sim\controllers\dynamic_lqr\MyRobot.cpp(184,52): warning C4305: “参数”: 从“double”到“float”截断
D:\Graduate_Project\webots_sim\controllers\dynamic_lqr\MyRobot.cpp(186,41): warning C4244: “=”: 从“const double”转换到“float”，可能丢失数据
D:\Graduate_Project\webots_sim\controllers\dynamic_lqr\MyRobot.cpp(187,36): warning C4244: “=”: 从“const double”转换到“float”，可能丢失数据
D:\Graduate_Project\webots_sim\controllers\dynamic_lqr\MyRobot.cpp(188,40): warning C4244: “=”: 从“const double”转换到“float”，可能丢失数据
D:\Graduate_Project\webots_sim\controllers\dynamic_lqr\MyRobot.cpp(189,35): warning C4244: “=”: 从“const double”转换到“float”，可能丢失数据
D:\Graduate_Project\webots_sim\controllers\dynamic_lqr\MyRobot.cpp(190,39): warning C4244: “=”: 从“const double”转换到“float”，可能丢失数据
D:\Graduate_Project\webots_sim\controllers\dynamic_lqr\MyRobot.cpp(191,34): warning C4244: “=”: 从“const double”转换到“float”，可能丢失数据
D:\Graduate_Project\webots_sim\controllers\dynamic_lqr\MyRobot.cpp(192,19): warning C4244: “初始化”: 从“const double”转换到“float”，可能丢失数据
D:\Graduate_Project\webots_sim\controllers\dynamic_lqr\MyRobot.cpp(207,19): warning C4244: “=”: 从“double”转换到“float”，可能丢失数据
D:\Graduate_Project\webots_sim\controllers\dynamic_lqr\MyRobot.cpp(260,20): warning C4244: “=”: 从“double”转换到“float”，可能丢失数据
D:\Graduate_Project\webots_sim\controllers\dynamic_lqr\MyRobot.cpp(261,20): warning C4244: “=”: 从“double”转换到“float”，可能丢失数据
  正在生成代码
  0 of 1194 functions ( 0.0%) were compiled, the rest were copied from previous compilation.
    0 functions were new in current compilation
    0 functions had inline decision re-evaluated but remain unchanged
  已完成代码的生成
  Dynamics_LQR_onVS.vcxproj -> D:\Graduate_Project\webots_sim\controllers\Dynamics_LQR_onVS\Dynamics_LQR_onVS.exe
